状态 172冲突：1 项偏移/归约


语法

    0 $accept: CompRoot $end

    1 CompRoot: CompUnit
    2         | CompRoot CompUnit

    3 CompUnit: Decl
    4         | FuncDef

    5 Decl: ConstDecl
    6     | VarDecl

    7 ConstDecl: T_CONST VarDeclWithIdent ConstDefList ';'

    8 ConstDefList: ConstDef
    9             | ConstDefList ',' ConstDef

   10 ConstDef: '=' ConstInitVal
   11         | ConstIndex '=' ConstInitVal

   12 ConstIndex: '[' ConstExp ']'
   13           | ConstIndex '[' ConstExp ']'

   14 ConstInitVal: ConstExp
   15             | '{' '}'
   16             | '{' ConstInitValList '}'

   17 ConstInitValList: ConstInitVal
   18                 | ConstInitValList ',' ConstInitVal

   19 VarDecl: VarDeclWithIdent ',' VarDefList ';'

   20 VarDefList: VarDef
   21           | VarDefList ',' VarDef

   22 VarDef: Ident
   23       | Ident '=' InitVal
   24       | Ident ConstExpList
   25       | Ident ConstExpList '=' InitVal

   26 ConstExpList: '[' ConstExp ']'
   27             | ConstExpList '[' ConstExp ']'

   28 InitVal: Exp
   29        | '{' '}'
   30        | '{' InitValList '}'

   31 InitValList: InitVal
   32            | InitValList ',' InitVal

   33 FuncDef: VarDeclWithIdent '(' ')' Block
   34        | VarDeclWithIdent '(' FuncFParams ')' Block
   35        | T_VOID Ident '(' ')' Block
   36        | T_VOID Ident '(' FuncFParams ')' Block

   37 FuncFParams: FuncFParam
   38            | FuncFParams ',' FuncFParam

   39 FuncFParam: BType Ident
   40           | BType Ident '[' ']' Indexs

   41 Indexs: ε
   42       | Indexs '[' Exp ']'

   43 BlockItemList: ε
   44              | BlockItemList BlockItem

   45 BlockItem: Decl
   46          | Stmt

   47 VarDeclWithIdent: BType Ident

   48 BType: T_INT

   49 Block: '{' BlockItemList '}'

   50 Stmt: LVal '=' Exp ';'
   51     | ';'
   52     | Exp ';'
   53     | Block
   54     | T_IF '(' Cond ')' Stmt
   55     | T_IF '(' Cond ')' Stmt T_ELSE Stmt
   56     | T_WHILE '(' Cond ')' Stmt
   57     | T_BREAK ';'
   58     | T_CONTINUE ';'
   59     | T_RETURN ';'
   60     | T_RETURN Exp ';'

   61 Exp: AddExp

   62 ConstExp: AddExp

   63 Cond: LOrExp

   64 LOrExp: LAndExp
   65       | LOrExp T_OR LAndExp

   66 LAndExp: EqExp
   67        | LAndExp T_AND EqExp

   68 EqExp: RelExp
   69      | EqExp EqOp RelExp

   70 RelExp: AddExp
   71       | RelExp RelOp AddExp

   72 RelOp: '<'
   73      | '>'
   74      | T_LE
   75      | T_GE

   76 EqOp: T_EQ
   77     | T_NE

   78 AddExp: MulExp
   79       | AddExp AddOp MulExp

   80 AddOp: '+'
   81      | '-'

   82 MulExp: UnaryExp
   83       | MulExp MulOp UnaryExp

   84 MulOp: '*'
   85      | '/'
   86      | '%'

   87 UnaryExp: PrimaryExp
   88         | Ident '(' ')'
   89         | Ident '(' FuncRParams ')'
   90         | UnaryOp UnaryExp

   91 FuncRParams: Exp
   92            | FuncRParams ',' Exp

   93 UnaryOp: '+'
   94        | '-'
   95        | '!'

   96 PrimaryExp: '(' Exp ')'
   97           | LVal
   98           | Number

   99 LVal: Ident
  100     | LVal '[' Exp ']'

  101 Ident: T_IDENT

  102 Number: T_NUMBER


终结语词，附有它们出现处的规则

    $end (0) 0
    '!' (33) 95
    '%' (37) 86
    '(' (40) 33 34 35 36 54 55 56 88 89 96
    ')' (41) 33 34 35 36 54 55 56 88 89 96
    '*' (42) 84
    '+' (43) 80 93
    ',' (44) 9 18 19 21 32 38 92
    '-' (45) 81 94
    '/' (47) 85
    ';' (59) 7 19 50 51 52 57 58 59 60
    '<' (60) 72
    '=' (61) 10 11 23 25 50
    '>' (62) 73
    '[' (91) 12 13 26 27 40 42 100
    ']' (93) 12 13 26 27 40 42 100
    '{' (123) 15 16 29 30 49
    '}' (125) 15 16 29 30 49
    error (256)
    T_IDENT <string> (258) 101
    T_NUMBER <value> (259) 102
    T_AND <token> (260) 67
    T_OR <token> (261) 65
    T_EQ <token> (262) 76
    T_NE <token> (263) 77
    T_LE <token> (264) 74
    T_GE <token> (265) 75
    T_VOID <token> (266) 35 36
    T_INT <token> (267) 48
    T_IF <token> (268) 54 55
    T_ELSE <token> (269) 55
    T_WHILE <token> (270) 56
    T_BREAK <token> (271) 57
    T_CONTINUE <token> (272) 58
    T_RETURN <token> (273) 59 60
    T_CONST <token> (274) 7


非终结语词，附有它们出现处的规则

    $accept (37)
        on left: 0
    CompRoot <ast_node> (38)
        on left: 1 2
        on right: 0 2
    CompUnit <ast_node> (39)
        on left: 3 4
        on right: 1 2
    Decl <ast_node> (40)
        on left: 5 6
        on right: 3 45
    ConstDecl <ast_node> (41)
        on left: 7
        on right: 5
    ConstDefList <ast_node> (42)
        on left: 8 9
        on right: 7 9
    ConstDef <ast_node> (43)
        on left: 10 11
        on right: 8 9
    ConstIndex <ast_node> (44)
        on left: 12 13
        on right: 11 13
    ConstInitVal <ast_node> (45)
        on left: 14 15 16
        on right: 10 11 17 18
    ConstInitValList <ast_node> (46)
        on left: 17 18
        on right: 16 18
    VarDecl <ast_node> (47)
        on left: 19
        on right: 6
    VarDefList <ast_node> (48)
        on left: 20 21
        on right: 19 21
    VarDef <ast_node> (49)
        on left: 22 23 24 25
        on right: 20 21
    ConstExpList <ast_node> (50)
        on left: 26 27
        on right: 24 25 27
    InitVal <ast_node> (51)
        on left: 28 29 30
        on right: 23 25 31 32
    InitValList <ast_node> (52)
        on left: 31 32
        on right: 30 32
    FuncDef <ast_node> (53)
        on left: 33 34 35 36
        on right: 4
    FuncFParams <ast_node> (54)
        on left: 37 38
        on right: 34 36 38
    FuncFParam <ast_node> (55)
        on left: 39 40
        on right: 37 38
    Indexs <ast_node> (56)
        on left: 41 42
        on right: 40 42
    BlockItemList <ast_node> (57)
        on left: 43 44
        on right: 44 49
    BlockItem <ast_node> (58)
        on left: 45 46
        on right: 44
    VarDeclWithIdent <ast_node> (59)
        on left: 47
        on right: 7 19 33 34
    BType <ast_node> (60)
        on left: 48
        on right: 39 40 47
    Block <ast_node> (61)
        on left: 49
        on right: 33 34 35 36 53
    Stmt <ast_node> (62)
        on left: 50 51 52 53 54 55 56 57 58 59 60
        on right: 46 54 55 56
    Exp <ast_node> (63)
        on left: 61
        on right: 28 42 50 52 60 91 92 96 100
    ConstExp <ast_node> (64)
        on left: 62
        on right: 12 13 14 26 27
    Cond <ast_node> (65)
        on left: 63
        on right: 54 55 56
    LOrExp <ast_node> (66)
        on left: 64 65
        on right: 63 65
    LAndExp <ast_node> (67)
        on left: 66 67
        on right: 64 65 67
    EqExp <ast_node> (68)
        on left: 68 69
        on right: 66 67 69
    RelExp <ast_node> (69)
        on left: 70 71
        on right: 68 69 71
    RelOp <string> (70)
        on left: 72 73 74 75
        on right: 71
    EqOp <string> (71)
        on left: 76 77
        on right: 69
    AddExp <ast_node> (72)
        on left: 78 79
        on right: 61 62 70 71 79
    AddOp <string> (73)
        on left: 80 81
        on right: 79
    MulExp <ast_node> (74)
        on left: 82 83
        on right: 78 79 83
    MulOp <string> (75)
        on left: 84 85 86
        on right: 83
    UnaryExp <ast_node> (76)
        on left: 87 88 89 90
        on right: 82 83 90
    FuncRParams <ast_node> (77)
        on left: 91 92
        on right: 89 92
    UnaryOp <string> (78)
        on left: 93 94 95
        on right: 90
    PrimaryExp <ast_node> (79)
        on left: 96 97 98
        on right: 87
    LVal <ast_node> (80)
        on left: 99 100
        on right: 50 97 100
    Ident <ast_node> (81)
        on left: 101
        on right: 22 23 24 25 35 36 39 40 47 88 89 99
    Number <ast_node> (82)
        on left: 102
        on right: 98


状态 0

    0 $accept: • CompRoot $end

    T_VOID   偏移，并进入状态 1
    T_INT    偏移，并进入状态 2
    T_CONST  偏移，并进入状态 3

    CompRoot          转到状态 4
    CompUnit          转到状态 5
    Decl              转到状态 6
    ConstDecl         转到状态 7
    VarDecl           转到状态 8
    FuncDef           转到状态 9
    VarDeclWithIdent  转到状态 10
    BType             转到状态 11


状态 1

   35 FuncDef: T_VOID • Ident '(' ')' Block
   36        | T_VOID • Ident '(' FuncFParams ')' Block

    T_IDENT  偏移，并进入状态 12

    Ident  转到状态 13


状态 2

   48 BType: T_INT •

    $default  使用规则 48 以归约 (BType)


状态 3

    7 ConstDecl: T_CONST • VarDeclWithIdent ConstDefList ';'

    T_INT  偏移，并进入状态 2

    VarDeclWithIdent  转到状态 14
    BType             转到状态 11


状态 4

    0 $accept: CompRoot • $end
    2 CompRoot: CompRoot • CompUnit

    $end     偏移，并进入状态 15
    T_VOID   偏移，并进入状态 1
    T_INT    偏移，并进入状态 2
    T_CONST  偏移，并进入状态 3

    CompUnit          转到状态 16
    Decl              转到状态 6
    ConstDecl         转到状态 7
    VarDecl           转到状态 8
    FuncDef           转到状态 9
    VarDeclWithIdent  转到状态 10
    BType             转到状态 11


状态 5

    1 CompRoot: CompUnit •

    $default  使用规则 1 以归约 (CompRoot)


状态 6

    3 CompUnit: Decl •

    $default  使用规则 3 以归约 (CompUnit)


状态 7

    5 Decl: ConstDecl •

    $default  使用规则 5 以归约 (Decl)


状态 8

    6 Decl: VarDecl •

    $default  使用规则 6 以归约 (Decl)


状态 9

    4 CompUnit: FuncDef •

    $default  使用规则 4 以归约 (CompUnit)


状态 10

   19 VarDecl: VarDeclWithIdent • ',' VarDefList ';'
   33 FuncDef: VarDeclWithIdent • '(' ')' Block
   34        | VarDeclWithIdent • '(' FuncFParams ')' Block

    ','  偏移，并进入状态 17
    '('  偏移，并进入状态 18


状态 11

   47 VarDeclWithIdent: BType • Ident

    T_IDENT  偏移，并进入状态 12

    Ident  转到状态 19


状态 12

  101 Ident: T_IDENT •

    $default  使用规则 101 以归约 (Ident)


状态 13

   35 FuncDef: T_VOID Ident • '(' ')' Block
   36        | T_VOID Ident • '(' FuncFParams ')' Block

    '('  偏移，并进入状态 20


状态 14

    7 ConstDecl: T_CONST VarDeclWithIdent • ConstDefList ';'

    '='  偏移，并进入状态 21
    '['  偏移，并进入状态 22

    ConstDefList  转到状态 23
    ConstDef      转到状态 24
    ConstIndex    转到状态 25


状态 15

    0 $accept: CompRoot $end •

    $default  接受


状态 16

    2 CompRoot: CompRoot CompUnit •

    $default  使用规则 2 以归约 (CompRoot)


状态 17

   19 VarDecl: VarDeclWithIdent ',' • VarDefList ';'

    T_IDENT  偏移，并进入状态 12

    VarDefList  转到状态 26
    VarDef      转到状态 27
    Ident       转到状态 28


状态 18

   33 FuncDef: VarDeclWithIdent '(' • ')' Block
   34        | VarDeclWithIdent '(' • FuncFParams ')' Block

    T_INT  偏移，并进入状态 2
    ')'    偏移，并进入状态 29

    FuncFParams  转到状态 30
    FuncFParam   转到状态 31
    BType        转到状态 32


状态 19

   47 VarDeclWithIdent: BType Ident •

    $default  使用规则 47 以归约 (VarDeclWithIdent)


状态 20

   35 FuncDef: T_VOID Ident '(' • ')' Block
   36        | T_VOID Ident '(' • FuncFParams ')' Block

    T_INT  偏移，并进入状态 2
    ')'    偏移，并进入状态 33

    FuncFParams  转到状态 34
    FuncFParam   转到状态 31
    BType        转到状态 32


状态 21

   10 ConstDef: '=' • ConstInitVal

    T_IDENT   偏移，并进入状态 12
    T_NUMBER  偏移，并进入状态 35
    '{'       偏移，并进入状态 36
    '('       偏移，并进入状态 37
    '+'       偏移，并进入状态 38
    '-'       偏移，并进入状态 39
    '!'       偏移，并进入状态 40

    ConstInitVal  转到状态 41
    ConstExp      转到状态 42
    AddExp        转到状态 43
    MulExp        转到状态 44
    UnaryExp      转到状态 45
    UnaryOp       转到状态 46
    PrimaryExp    转到状态 47
    LVal          转到状态 48
    Ident         转到状态 49
    Number        转到状态 50


状态 22

   12 ConstIndex: '[' • ConstExp ']'

    T_IDENT   偏移，并进入状态 12
    T_NUMBER  偏移，并进入状态 35
    '('       偏移，并进入状态 37
    '+'       偏移，并进入状态 38
    '-'       偏移，并进入状态 39
    '!'       偏移，并进入状态 40

    ConstExp    转到状态 51
    AddExp      转到状态 43
    MulExp      转到状态 44
    UnaryExp    转到状态 45
    UnaryOp     转到状态 46
    PrimaryExp  转到状态 47
    LVal        转到状态 48
    Ident       转到状态 49
    Number      转到状态 50


状态 23

    7 ConstDecl: T_CONST VarDeclWithIdent ConstDefList • ';'
    9 ConstDefList: ConstDefList • ',' ConstDef

    ';'  偏移，并进入状态 52
    ','  偏移，并进入状态 53


状态 24

    8 ConstDefList: ConstDef •

    $default  使用规则 8 以归约 (ConstDefList)


状态 25

   11 ConstDef: ConstIndex • '=' ConstInitVal
   13 ConstIndex: ConstIndex • '[' ConstExp ']'

    '='  偏移，并进入状态 54
    '['  偏移，并进入状态 55


状态 26

   19 VarDecl: VarDeclWithIdent ',' VarDefList • ';'
   21 VarDefList: VarDefList • ',' VarDef

    ';'  偏移，并进入状态 56
    ','  偏移，并进入状态 57


状态 27

   20 VarDefList: VarDef •

    $default  使用规则 20 以归约 (VarDefList)


状态 28

   22 VarDef: Ident •
   23       | Ident • '=' InitVal
   24       | Ident • ConstExpList
   25       | Ident • ConstExpList '=' InitVal

    '='  偏移，并进入状态 58
    '['  偏移，并进入状态 59

    $default  使用规则 22 以归约 (VarDef)

    ConstExpList  转到状态 60


状态 29

   33 FuncDef: VarDeclWithIdent '(' ')' • Block

    '{'  偏移，并进入状态 61

    Block  转到状态 62


状态 30

   34 FuncDef: VarDeclWithIdent '(' FuncFParams • ')' Block
   38 FuncFParams: FuncFParams • ',' FuncFParam

    ','  偏移，并进入状态 63
    ')'  偏移，并进入状态 64


状态 31

   37 FuncFParams: FuncFParam •

    $default  使用规则 37 以归约 (FuncFParams)


状态 32

   39 FuncFParam: BType • Ident
   40           | BType • Ident '[' ']' Indexs

    T_IDENT  偏移，并进入状态 12

    Ident  转到状态 65


状态 33

   35 FuncDef: T_VOID Ident '(' ')' • Block

    '{'  偏移，并进入状态 61

    Block  转到状态 66


状态 34

   36 FuncDef: T_VOID Ident '(' FuncFParams • ')' Block
   38 FuncFParams: FuncFParams • ',' FuncFParam

    ','  偏移，并进入状态 63
    ')'  偏移，并进入状态 67


状态 35

  102 Number: T_NUMBER •

    $default  使用规则 102 以归约 (Number)


状态 36

   15 ConstInitVal: '{' • '}'
   16             | '{' • ConstInitValList '}'

    T_IDENT   偏移，并进入状态 12
    T_NUMBER  偏移，并进入状态 35
    '{'       偏移，并进入状态 36
    '}'       偏移，并进入状态 68
    '('       偏移，并进入状态 37
    '+'       偏移，并进入状态 38
    '-'       偏移，并进入状态 39
    '!'       偏移，并进入状态 40

    ConstInitVal      转到状态 69
    ConstInitValList  转到状态 70
    ConstExp          转到状态 42
    AddExp            转到状态 43
    MulExp            转到状态 44
    UnaryExp          转到状态 45
    UnaryOp           转到状态 46
    PrimaryExp        转到状态 47
    LVal              转到状态 48
    Ident             转到状态 49
    Number            转到状态 50


状态 37

   96 PrimaryExp: '(' • Exp ')'

    T_IDENT   偏移，并进入状态 12
    T_NUMBER  偏移，并进入状态 35
    '('       偏移，并进入状态 37
    '+'       偏移，并进入状态 38
    '-'       偏移，并进入状态 39
    '!'       偏移，并进入状态 40

    Exp         转到状态 71
    AddExp      转到状态 72
    MulExp      转到状态 44
    UnaryExp    转到状态 45
    UnaryOp     转到状态 46
    PrimaryExp  转到状态 47
    LVal        转到状态 48
    Ident       转到状态 49
    Number      转到状态 50


状态 38

   93 UnaryOp: '+' •

    $default  使用规则 93 以归约 (UnaryOp)


状态 39

   94 UnaryOp: '-' •

    $default  使用规则 94 以归约 (UnaryOp)


状态 40

   95 UnaryOp: '!' •

    $default  使用规则 95 以归约 (UnaryOp)


状态 41

   10 ConstDef: '=' ConstInitVal •

    $default  使用规则 10 以归约 (ConstDef)


状态 42

   14 ConstInitVal: ConstExp •

    $default  使用规则 14 以归约 (ConstInitVal)


状态 43

   62 ConstExp: AddExp •
   79 AddExp: AddExp • AddOp MulExp

    '+'  偏移，并进入状态 73
    '-'  偏移，并进入状态 74

    $default  使用规则 62 以归约 (ConstExp)

    AddOp  转到状态 75


状态 44

   78 AddExp: MulExp •
   83 MulExp: MulExp • MulOp UnaryExp

    '*'  偏移，并进入状态 76
    '/'  偏移，并进入状态 77
    '%'  偏移，并进入状态 78

    $default  使用规则 78 以归约 (AddExp)

    MulOp  转到状态 79


状态 45

   82 MulExp: UnaryExp •

    $default  使用规则 82 以归约 (MulExp)


状态 46

   90 UnaryExp: UnaryOp • UnaryExp

    T_IDENT   偏移，并进入状态 12
    T_NUMBER  偏移，并进入状态 35
    '('       偏移，并进入状态 37
    '+'       偏移，并进入状态 38
    '-'       偏移，并进入状态 39
    '!'       偏移，并进入状态 40

    UnaryExp    转到状态 80
    UnaryOp     转到状态 46
    PrimaryExp  转到状态 47
    LVal        转到状态 48
    Ident       转到状态 49
    Number      转到状态 50


状态 47

   87 UnaryExp: PrimaryExp •

    $default  使用规则 87 以归约 (UnaryExp)


状态 48

   97 PrimaryExp: LVal •
  100 LVal: LVal • '[' Exp ']'

    '['  偏移，并进入状态 81

    $default  使用规则 97 以归约 (PrimaryExp)


状态 49

   88 UnaryExp: Ident • '(' ')'
   89         | Ident • '(' FuncRParams ')'
   99 LVal: Ident •

    '('  偏移，并进入状态 82

    $default  使用规则 99 以归约 (LVal)


状态 50

   98 PrimaryExp: Number •

    $default  使用规则 98 以归约 (PrimaryExp)


状态 51

   12 ConstIndex: '[' ConstExp • ']'

    ']'  偏移，并进入状态 83


状态 52

    7 ConstDecl: T_CONST VarDeclWithIdent ConstDefList ';' •

    $default  使用规则 7 以归约 (ConstDecl)


状态 53

    9 ConstDefList: ConstDefList ',' • ConstDef

    '='  偏移，并进入状态 21
    '['  偏移，并进入状态 22

    ConstDef    转到状态 84
    ConstIndex  转到状态 25


状态 54

   11 ConstDef: ConstIndex '=' • ConstInitVal

    T_IDENT   偏移，并进入状态 12
    T_NUMBER  偏移，并进入状态 35
    '{'       偏移，并进入状态 36
    '('       偏移，并进入状态 37
    '+'       偏移，并进入状态 38
    '-'       偏移，并进入状态 39
    '!'       偏移，并进入状态 40

    ConstInitVal  转到状态 85
    ConstExp      转到状态 42
    AddExp        转到状态 43
    MulExp        转到状态 44
    UnaryExp      转到状态 45
    UnaryOp       转到状态 46
    PrimaryExp    转到状态 47
    LVal          转到状态 48
    Ident         转到状态 49
    Number        转到状态 50


状态 55

   13 ConstIndex: ConstIndex '[' • ConstExp ']'

    T_IDENT   偏移，并进入状态 12
    T_NUMBER  偏移，并进入状态 35
    '('       偏移，并进入状态 37
    '+'       偏移，并进入状态 38
    '-'       偏移，并进入状态 39
    '!'       偏移，并进入状态 40

    ConstExp    转到状态 86
    AddExp      转到状态 43
    MulExp      转到状态 44
    UnaryExp    转到状态 45
    UnaryOp     转到状态 46
    PrimaryExp  转到状态 47
    LVal        转到状态 48
    Ident       转到状态 49
    Number      转到状态 50


状态 56

   19 VarDecl: VarDeclWithIdent ',' VarDefList ';' •

    $default  使用规则 19 以归约 (VarDecl)


状态 57

   21 VarDefList: VarDefList ',' • VarDef

    T_IDENT  偏移，并进入状态 12

    VarDef  转到状态 87
    Ident   转到状态 28


状态 58

   23 VarDef: Ident '=' • InitVal

    T_IDENT   偏移，并进入状态 12
    T_NUMBER  偏移，并进入状态 35
    '{'       偏移，并进入状态 88
    '('       偏移，并进入状态 37
    '+'       偏移，并进入状态 38
    '-'       偏移，并进入状态 39
    '!'       偏移，并进入状态 40

    InitVal     转到状态 89
    Exp         转到状态 90
    AddExp      转到状态 72
    MulExp      转到状态 44
    UnaryExp    转到状态 45
    UnaryOp     转到状态 46
    PrimaryExp  转到状态 47
    LVal        转到状态 48
    Ident       转到状态 49
    Number      转到状态 50


状态 59

   26 ConstExpList: '[' • ConstExp ']'

    T_IDENT   偏移，并进入状态 12
    T_NUMBER  偏移，并进入状态 35
    '('       偏移，并进入状态 37
    '+'       偏移，并进入状态 38
    '-'       偏移，并进入状态 39
    '!'       偏移，并进入状态 40

    ConstExp    转到状态 91
    AddExp      转到状态 43
    MulExp      转到状态 44
    UnaryExp    转到状态 45
    UnaryOp     转到状态 46
    PrimaryExp  转到状态 47
    LVal        转到状态 48
    Ident       转到状态 49
    Number      转到状态 50


状态 60

   24 VarDef: Ident ConstExpList •
   25       | Ident ConstExpList • '=' InitVal
   27 ConstExpList: ConstExpList • '[' ConstExp ']'

    '='  偏移，并进入状态 92
    '['  偏移，并进入状态 93

    $default  使用规则 24 以归约 (VarDef)


状态 61

   49 Block: '{' • BlockItemList '}'

    $default  使用规则 43 以归约 (BlockItemList)

    BlockItemList  转到状态 94


状态 62

   33 FuncDef: VarDeclWithIdent '(' ')' Block •

    $default  使用规则 33 以归约 (FuncDef)


状态 63

   38 FuncFParams: FuncFParams ',' • FuncFParam

    T_INT  偏移，并进入状态 2

    FuncFParam  转到状态 95
    BType       转到状态 32


状态 64

   34 FuncDef: VarDeclWithIdent '(' FuncFParams ')' • Block

    '{'  偏移，并进入状态 61

    Block  转到状态 96


状态 65

   39 FuncFParam: BType Ident •
   40           | BType Ident • '[' ']' Indexs

    '['  偏移，并进入状态 97

    $default  使用规则 39 以归约 (FuncFParam)


状态 66

   35 FuncDef: T_VOID Ident '(' ')' Block •

    $default  使用规则 35 以归约 (FuncDef)


状态 67

   36 FuncDef: T_VOID Ident '(' FuncFParams ')' • Block

    '{'  偏移，并进入状态 61

    Block  转到状态 98


状态 68

   15 ConstInitVal: '{' '}' •

    $default  使用规则 15 以归约 (ConstInitVal)


状态 69

   17 ConstInitValList: ConstInitVal •

    $default  使用规则 17 以归约 (ConstInitValList)


状态 70

   16 ConstInitVal: '{' ConstInitValList • '}'
   18 ConstInitValList: ConstInitValList • ',' ConstInitVal

    ','  偏移，并进入状态 99
    '}'  偏移，并进入状态 100


状态 71

   96 PrimaryExp: '(' Exp • ')'

    ')'  偏移，并进入状态 101


状态 72

   61 Exp: AddExp •
   79 AddExp: AddExp • AddOp MulExp

    '+'  偏移，并进入状态 73
    '-'  偏移，并进入状态 74

    $default  使用规则 61 以归约 (Exp)

    AddOp  转到状态 75


状态 73

   80 AddOp: '+' •

    $default  使用规则 80 以归约 (AddOp)


状态 74

   81 AddOp: '-' •

    $default  使用规则 81 以归约 (AddOp)


状态 75

   79 AddExp: AddExp AddOp • MulExp

    T_IDENT   偏移，并进入状态 12
    T_NUMBER  偏移，并进入状态 35
    '('       偏移，并进入状态 37
    '+'       偏移，并进入状态 38
    '-'       偏移，并进入状态 39
    '!'       偏移，并进入状态 40

    MulExp      转到状态 102
    UnaryExp    转到状态 45
    UnaryOp     转到状态 46
    PrimaryExp  转到状态 47
    LVal        转到状态 48
    Ident       转到状态 49
    Number      转到状态 50


状态 76

   84 MulOp: '*' •

    $default  使用规则 84 以归约 (MulOp)


状态 77

   85 MulOp: '/' •

    $default  使用规则 85 以归约 (MulOp)


状态 78

   86 MulOp: '%' •

    $default  使用规则 86 以归约 (MulOp)


状态 79

   83 MulExp: MulExp MulOp • UnaryExp

    T_IDENT   偏移，并进入状态 12
    T_NUMBER  偏移，并进入状态 35
    '('       偏移，并进入状态 37
    '+'       偏移，并进入状态 38
    '-'       偏移，并进入状态 39
    '!'       偏移，并进入状态 40

    UnaryExp    转到状态 103
    UnaryOp     转到状态 46
    PrimaryExp  转到状态 47
    LVal        转到状态 48
    Ident       转到状态 49
    Number      转到状态 50


状态 80

   90 UnaryExp: UnaryOp UnaryExp •

    $default  使用规则 90 以归约 (UnaryExp)


状态 81

  100 LVal: LVal '[' • Exp ']'

    T_IDENT   偏移，并进入状态 12
    T_NUMBER  偏移，并进入状态 35
    '('       偏移，并进入状态 37
    '+'       偏移，并进入状态 38
    '-'       偏移，并进入状态 39
    '!'       偏移，并进入状态 40

    Exp         转到状态 104
    AddExp      转到状态 72
    MulExp      转到状态 44
    UnaryExp    转到状态 45
    UnaryOp     转到状态 46
    PrimaryExp  转到状态 47
    LVal        转到状态 48
    Ident       转到状态 49
    Number      转到状态 50


状态 82

   88 UnaryExp: Ident '(' • ')'
   89         | Ident '(' • FuncRParams ')'

    T_IDENT   偏移，并进入状态 12
    T_NUMBER  偏移，并进入状态 35
    '('       偏移，并进入状态 37
    ')'       偏移，并进入状态 105
    '+'       偏移，并进入状态 38
    '-'       偏移，并进入状态 39
    '!'       偏移，并进入状态 40

    Exp          转到状态 106
    AddExp       转到状态 72
    MulExp       转到状态 44
    UnaryExp     转到状态 45
    FuncRParams  转到状态 107
    UnaryOp      转到状态 46
    PrimaryExp   转到状态 47
    LVal         转到状态 48
    Ident        转到状态 49
    Number       转到状态 50


状态 83

   12 ConstIndex: '[' ConstExp ']' •

    $default  使用规则 12 以归约 (ConstIndex)


状态 84

    9 ConstDefList: ConstDefList ',' ConstDef •

    $default  使用规则 9 以归约 (ConstDefList)


状态 85

   11 ConstDef: ConstIndex '=' ConstInitVal •

    $default  使用规则 11 以归约 (ConstDef)


状态 86

   13 ConstIndex: ConstIndex '[' ConstExp • ']'

    ']'  偏移，并进入状态 108


状态 87

   21 VarDefList: VarDefList ',' VarDef •

    $default  使用规则 21 以归约 (VarDefList)


状态 88

   29 InitVal: '{' • '}'
   30        | '{' • InitValList '}'

    T_IDENT   偏移，并进入状态 12
    T_NUMBER  偏移，并进入状态 35
    '{'       偏移，并进入状态 88
    '}'       偏移，并进入状态 109
    '('       偏移，并进入状态 37
    '+'       偏移，并进入状态 38
    '-'       偏移，并进入状态 39
    '!'       偏移，并进入状态 40

    InitVal      转到状态 110
    InitValList  转到状态 111
    Exp          转到状态 90
    AddExp       转到状态 72
    MulExp       转到状态 44
    UnaryExp     转到状态 45
    UnaryOp      转到状态 46
    PrimaryExp   转到状态 47
    LVal         转到状态 48
    Ident        转到状态 49
    Number       转到状态 50


状态 89

   23 VarDef: Ident '=' InitVal •

    $default  使用规则 23 以归约 (VarDef)


状态 90

   28 InitVal: Exp •

    $default  使用规则 28 以归约 (InitVal)


状态 91

   26 ConstExpList: '[' ConstExp • ']'

    ']'  偏移，并进入状态 112


状态 92

   25 VarDef: Ident ConstExpList '=' • InitVal

    T_IDENT   偏移，并进入状态 12
    T_NUMBER  偏移，并进入状态 35
    '{'       偏移，并进入状态 88
    '('       偏移，并进入状态 37
    '+'       偏移，并进入状态 38
    '-'       偏移，并进入状态 39
    '!'       偏移，并进入状态 40

    InitVal     转到状态 113
    Exp         转到状态 90
    AddExp      转到状态 72
    MulExp      转到状态 44
    UnaryExp    转到状态 45
    UnaryOp     转到状态 46
    PrimaryExp  转到状态 47
    LVal        转到状态 48
    Ident       转到状态 49
    Number      转到状态 50


状态 93

   27 ConstExpList: ConstExpList '[' • ConstExp ']'

    T_IDENT   偏移，并进入状态 12
    T_NUMBER  偏移，并进入状态 35
    '('       偏移，并进入状态 37
    '+'       偏移，并进入状态 38
    '-'       偏移，并进入状态 39
    '!'       偏移，并进入状态 40

    ConstExp    转到状态 114
    AddExp      转到状态 43
    MulExp      转到状态 44
    UnaryExp    转到状态 45
    UnaryOp     转到状态 46
    PrimaryExp  转到状态 47
    LVal        转到状态 48
    Ident       转到状态 49
    Number      转到状态 50


状态 94

   44 BlockItemList: BlockItemList • BlockItem
   49 Block: '{' BlockItemList • '}'

    T_IDENT     偏移，并进入状态 12
    T_NUMBER    偏移，并进入状态 35
    T_INT       偏移，并进入状态 2
    T_IF        偏移，并进入状态 115
    T_WHILE     偏移，并进入状态 116
    T_BREAK     偏移，并进入状态 117
    T_CONTINUE  偏移，并进入状态 118
    T_RETURN    偏移，并进入状态 119
    T_CONST     偏移，并进入状态 3
    ';'         偏移，并进入状态 120
    '{'         偏移，并进入状态 61
    '}'         偏移，并进入状态 121
    '('         偏移，并进入状态 37
    '+'         偏移，并进入状态 38
    '-'         偏移，并进入状态 39
    '!'         偏移，并进入状态 40

    Decl              转到状态 122
    ConstDecl         转到状态 7
    VarDecl           转到状态 8
    BlockItem         转到状态 123
    VarDeclWithIdent  转到状态 124
    BType             转到状态 11
    Block             转到状态 125
    Stmt              转到状态 126
    Exp               转到状态 127
    AddExp            转到状态 72
    MulExp            转到状态 44
    UnaryExp          转到状态 45
    UnaryOp           转到状态 46
    PrimaryExp        转到状态 47
    LVal              转到状态 128
    Ident             转到状态 49
    Number            转到状态 50


状态 95

   38 FuncFParams: FuncFParams ',' FuncFParam •

    $default  使用规则 38 以归约 (FuncFParams)


状态 96

   34 FuncDef: VarDeclWithIdent '(' FuncFParams ')' Block •

    $default  使用规则 34 以归约 (FuncDef)


状态 97

   40 FuncFParam: BType Ident '[' • ']' Indexs

    ']'  偏移，并进入状态 129


状态 98

   36 FuncDef: T_VOID Ident '(' FuncFParams ')' Block •

    $default  使用规则 36 以归约 (FuncDef)


状态 99

   18 ConstInitValList: ConstInitValList ',' • ConstInitVal

    T_IDENT   偏移，并进入状态 12
    T_NUMBER  偏移，并进入状态 35
    '{'       偏移，并进入状态 36
    '('       偏移，并进入状态 37
    '+'       偏移，并进入状态 38
    '-'       偏移，并进入状态 39
    '!'       偏移，并进入状态 40

    ConstInitVal  转到状态 130
    ConstExp      转到状态 42
    AddExp        转到状态 43
    MulExp        转到状态 44
    UnaryExp      转到状态 45
    UnaryOp       转到状态 46
    PrimaryExp    转到状态 47
    LVal          转到状态 48
    Ident         转到状态 49
    Number        转到状态 50


状态 100

   16 ConstInitVal: '{' ConstInitValList '}' •

    $default  使用规则 16 以归约 (ConstInitVal)


状态 101

   96 PrimaryExp: '(' Exp ')' •

    $default  使用规则 96 以归约 (PrimaryExp)


状态 102

   79 AddExp: AddExp AddOp MulExp •
   83 MulExp: MulExp • MulOp UnaryExp

    '*'  偏移，并进入状态 76
    '/'  偏移，并进入状态 77
    '%'  偏移，并进入状态 78

    $default  使用规则 79 以归约 (AddExp)

    MulOp  转到状态 79


状态 103

   83 MulExp: MulExp MulOp UnaryExp •

    $default  使用规则 83 以归约 (MulExp)


状态 104

  100 LVal: LVal '[' Exp • ']'

    ']'  偏移，并进入状态 131


状态 105

   88 UnaryExp: Ident '(' ')' •

    $default  使用规则 88 以归约 (UnaryExp)


状态 106

   91 FuncRParams: Exp •

    $default  使用规则 91 以归约 (FuncRParams)


状态 107

   89 UnaryExp: Ident '(' FuncRParams • ')'
   92 FuncRParams: FuncRParams • ',' Exp

    ','  偏移，并进入状态 132
    ')'  偏移，并进入状态 133


状态 108

   13 ConstIndex: ConstIndex '[' ConstExp ']' •

    $default  使用规则 13 以归约 (ConstIndex)


状态 109

   29 InitVal: '{' '}' •

    $default  使用规则 29 以归约 (InitVal)


状态 110

   31 InitValList: InitVal •

    $default  使用规则 31 以归约 (InitValList)


状态 111

   30 InitVal: '{' InitValList • '}'
   32 InitValList: InitValList • ',' InitVal

    ','  偏移，并进入状态 134
    '}'  偏移，并进入状态 135


状态 112

   26 ConstExpList: '[' ConstExp ']' •

    $default  使用规则 26 以归约 (ConstExpList)


状态 113

   25 VarDef: Ident ConstExpList '=' InitVal •

    $default  使用规则 25 以归约 (VarDef)


状态 114

   27 ConstExpList: ConstExpList '[' ConstExp • ']'

    ']'  偏移，并进入状态 136


状态 115

   54 Stmt: T_IF • '(' Cond ')' Stmt
   55     | T_IF • '(' Cond ')' Stmt T_ELSE Stmt

    '('  偏移，并进入状态 137


状态 116

   56 Stmt: T_WHILE • '(' Cond ')' Stmt

    '('  偏移，并进入状态 138


状态 117

   57 Stmt: T_BREAK • ';'

    ';'  偏移，并进入状态 139


状态 118

   58 Stmt: T_CONTINUE • ';'

    ';'  偏移，并进入状态 140


状态 119

   59 Stmt: T_RETURN • ';'
   60     | T_RETURN • Exp ';'

    T_IDENT   偏移，并进入状态 12
    T_NUMBER  偏移，并进入状态 35
    ';'       偏移，并进入状态 141
    '('       偏移，并进入状态 37
    '+'       偏移，并进入状态 38
    '-'       偏移，并进入状态 39
    '!'       偏移，并进入状态 40

    Exp         转到状态 142
    AddExp      转到状态 72
    MulExp      转到状态 44
    UnaryExp    转到状态 45
    UnaryOp     转到状态 46
    PrimaryExp  转到状态 47
    LVal        转到状态 48
    Ident       转到状态 49
    Number      转到状态 50


状态 120

   51 Stmt: ';' •

    $default  使用规则 51 以归约 (Stmt)


状态 121

   49 Block: '{' BlockItemList '}' •

    $default  使用规则 49 以归约 (Block)


状态 122

   45 BlockItem: Decl •

    $default  使用规则 45 以归约 (BlockItem)


状态 123

   44 BlockItemList: BlockItemList BlockItem •

    $default  使用规则 44 以归约 (BlockItemList)


状态 124

   19 VarDecl: VarDeclWithIdent • ',' VarDefList ';'

    ','  偏移，并进入状态 17


状态 125

   53 Stmt: Block •

    $default  使用规则 53 以归约 (Stmt)


状态 126

   46 BlockItem: Stmt •

    $default  使用规则 46 以归约 (BlockItem)


状态 127

   52 Stmt: Exp • ';'

    ';'  偏移，并进入状态 143


状态 128

   50 Stmt: LVal • '=' Exp ';'
   97 PrimaryExp: LVal •
  100 LVal: LVal • '[' Exp ']'

    '='  偏移，并进入状态 144
    '['  偏移，并进入状态 81

    $default  使用规则 97 以归约 (PrimaryExp)


状态 129

   40 FuncFParam: BType Ident '[' ']' • Indexs

    $default  使用规则 41 以归约 (Indexs)

    Indexs  转到状态 145


状态 130

   18 ConstInitValList: ConstInitValList ',' ConstInitVal •

    $default  使用规则 18 以归约 (ConstInitValList)


状态 131

  100 LVal: LVal '[' Exp ']' •

    $default  使用规则 100 以归约 (LVal)


状态 132

   92 FuncRParams: FuncRParams ',' • Exp

    T_IDENT   偏移，并进入状态 12
    T_NUMBER  偏移，并进入状态 35
    '('       偏移，并进入状态 37
    '+'       偏移，并进入状态 38
    '-'       偏移，并进入状态 39
    '!'       偏移，并进入状态 40

    Exp         转到状态 146
    AddExp      转到状态 72
    MulExp      转到状态 44
    UnaryExp    转到状态 45
    UnaryOp     转到状态 46
    PrimaryExp  转到状态 47
    LVal        转到状态 48
    Ident       转到状态 49
    Number      转到状态 50


状态 133

   89 UnaryExp: Ident '(' FuncRParams ')' •

    $default  使用规则 89 以归约 (UnaryExp)


状态 134

   32 InitValList: InitValList ',' • InitVal

    T_IDENT   偏移，并进入状态 12
    T_NUMBER  偏移，并进入状态 35
    '{'       偏移，并进入状态 88
    '('       偏移，并进入状态 37
    '+'       偏移，并进入状态 38
    '-'       偏移，并进入状态 39
    '!'       偏移，并进入状态 40

    InitVal     转到状态 147
    Exp         转到状态 90
    AddExp      转到状态 72
    MulExp      转到状态 44
    UnaryExp    转到状态 45
    UnaryOp     转到状态 46
    PrimaryExp  转到状态 47
    LVal        转到状态 48
    Ident       转到状态 49
    Number      转到状态 50


状态 135

   30 InitVal: '{' InitValList '}' •

    $default  使用规则 30 以归约 (InitVal)


状态 136

   27 ConstExpList: ConstExpList '[' ConstExp ']' •

    $default  使用规则 27 以归约 (ConstExpList)


状态 137

   54 Stmt: T_IF '(' • Cond ')' Stmt
   55     | T_IF '(' • Cond ')' Stmt T_ELSE Stmt

    T_IDENT   偏移，并进入状态 12
    T_NUMBER  偏移，并进入状态 35
    '('       偏移，并进入状态 37
    '+'       偏移，并进入状态 38
    '-'       偏移，并进入状态 39
    '!'       偏移，并进入状态 40

    Cond        转到状态 148
    LOrExp      转到状态 149
    LAndExp     转到状态 150
    EqExp       转到状态 151
    RelExp      转到状态 152
    AddExp      转到状态 153
    MulExp      转到状态 44
    UnaryExp    转到状态 45
    UnaryOp     转到状态 46
    PrimaryExp  转到状态 47
    LVal        转到状态 48
    Ident       转到状态 49
    Number      转到状态 50


状态 138

   56 Stmt: T_WHILE '(' • Cond ')' Stmt

    T_IDENT   偏移，并进入状态 12
    T_NUMBER  偏移，并进入状态 35
    '('       偏移，并进入状态 37
    '+'       偏移，并进入状态 38
    '-'       偏移，并进入状态 39
    '!'       偏移，并进入状态 40

    Cond        转到状态 154
    LOrExp      转到状态 149
    LAndExp     转到状态 150
    EqExp       转到状态 151
    RelExp      转到状态 152
    AddExp      转到状态 153
    MulExp      转到状态 44
    UnaryExp    转到状态 45
    UnaryOp     转到状态 46
    PrimaryExp  转到状态 47
    LVal        转到状态 48
    Ident       转到状态 49
    Number      转到状态 50


状态 139

   57 Stmt: T_BREAK ';' •

    $default  使用规则 57 以归约 (Stmt)


状态 140

   58 Stmt: T_CONTINUE ';' •

    $default  使用规则 58 以归约 (Stmt)


状态 141

   59 Stmt: T_RETURN ';' •

    $default  使用规则 59 以归约 (Stmt)


状态 142

   60 Stmt: T_RETURN Exp • ';'

    ';'  偏移，并进入状态 155


状态 143

   52 Stmt: Exp ';' •

    $default  使用规则 52 以归约 (Stmt)


状态 144

   50 Stmt: LVal '=' • Exp ';'

    T_IDENT   偏移，并进入状态 12
    T_NUMBER  偏移，并进入状态 35
    '('       偏移，并进入状态 37
    '+'       偏移，并进入状态 38
    '-'       偏移，并进入状态 39
    '!'       偏移，并进入状态 40

    Exp         转到状态 156
    AddExp      转到状态 72
    MulExp      转到状态 44
    UnaryExp    转到状态 45
    UnaryOp     转到状态 46
    PrimaryExp  转到状态 47
    LVal        转到状态 48
    Ident       转到状态 49
    Number      转到状态 50


状态 145

   40 FuncFParam: BType Ident '[' ']' Indexs •
   42 Indexs: Indexs • '[' Exp ']'

    '['  偏移，并进入状态 157

    $default  使用规则 40 以归约 (FuncFParam)


状态 146

   92 FuncRParams: FuncRParams ',' Exp •

    $default  使用规则 92 以归约 (FuncRParams)


状态 147

   32 InitValList: InitValList ',' InitVal •

    $default  使用规则 32 以归约 (InitValList)


状态 148

   54 Stmt: T_IF '(' Cond • ')' Stmt
   55     | T_IF '(' Cond • ')' Stmt T_ELSE Stmt

    ')'  偏移，并进入状态 158


状态 149

   63 Cond: LOrExp •
   65 LOrExp: LOrExp • T_OR LAndExp

    T_OR  偏移，并进入状态 159

    $default  使用规则 63 以归约 (Cond)


状态 150

   64 LOrExp: LAndExp •
   67 LAndExp: LAndExp • T_AND EqExp

    T_AND  偏移，并进入状态 160

    $default  使用规则 64 以归约 (LOrExp)


状态 151

   66 LAndExp: EqExp •
   69 EqExp: EqExp • EqOp RelExp

    T_EQ  偏移，并进入状态 161
    T_NE  偏移，并进入状态 162

    $default  使用规则 66 以归约 (LAndExp)

    EqOp  转到状态 163


状态 152

   68 EqExp: RelExp •
   71 RelExp: RelExp • RelOp AddExp

    T_LE  偏移，并进入状态 164
    T_GE  偏移，并进入状态 165
    '<'   偏移，并进入状态 166
    '>'   偏移，并进入状态 167

    $default  使用规则 68 以归约 (EqExp)

    RelOp  转到状态 168


状态 153

   70 RelExp: AddExp •
   79 AddExp: AddExp • AddOp MulExp

    '+'  偏移，并进入状态 73
    '-'  偏移，并进入状态 74

    $default  使用规则 70 以归约 (RelExp)

    AddOp  转到状态 75


状态 154

   56 Stmt: T_WHILE '(' Cond • ')' Stmt

    ')'  偏移，并进入状态 169


状态 155

   60 Stmt: T_RETURN Exp ';' •

    $default  使用规则 60 以归约 (Stmt)


状态 156

   50 Stmt: LVal '=' Exp • ';'

    ';'  偏移，并进入状态 170


状态 157

   42 Indexs: Indexs '[' • Exp ']'

    T_IDENT   偏移，并进入状态 12
    T_NUMBER  偏移，并进入状态 35
    '('       偏移，并进入状态 37
    '+'       偏移，并进入状态 38
    '-'       偏移，并进入状态 39
    '!'       偏移，并进入状态 40

    Exp         转到状态 171
    AddExp      转到状态 72
    MulExp      转到状态 44
    UnaryExp    转到状态 45
    UnaryOp     转到状态 46
    PrimaryExp  转到状态 47
    LVal        转到状态 48
    Ident       转到状态 49
    Number      转到状态 50


状态 158

   54 Stmt: T_IF '(' Cond ')' • Stmt
   55     | T_IF '(' Cond ')' • Stmt T_ELSE Stmt

    T_IDENT     偏移，并进入状态 12
    T_NUMBER    偏移，并进入状态 35
    T_IF        偏移，并进入状态 115
    T_WHILE     偏移，并进入状态 116
    T_BREAK     偏移，并进入状态 117
    T_CONTINUE  偏移，并进入状态 118
    T_RETURN    偏移，并进入状态 119
    ';'         偏移，并进入状态 120
    '{'         偏移，并进入状态 61
    '('         偏移，并进入状态 37
    '+'         偏移，并进入状态 38
    '-'         偏移，并进入状态 39
    '!'         偏移，并进入状态 40

    Block       转到状态 125
    Stmt        转到状态 172
    Exp         转到状态 127
    AddExp      转到状态 72
    MulExp      转到状态 44
    UnaryExp    转到状态 45
    UnaryOp     转到状态 46
    PrimaryExp  转到状态 47
    LVal        转到状态 128
    Ident       转到状态 49
    Number      转到状态 50


状态 159

   65 LOrExp: LOrExp T_OR • LAndExp

    T_IDENT   偏移，并进入状态 12
    T_NUMBER  偏移，并进入状态 35
    '('       偏移，并进入状态 37
    '+'       偏移，并进入状态 38
    '-'       偏移，并进入状态 39
    '!'       偏移，并进入状态 40

    LAndExp     转到状态 173
    EqExp       转到状态 151
    RelExp      转到状态 152
    AddExp      转到状态 153
    MulExp      转到状态 44
    UnaryExp    转到状态 45
    UnaryOp     转到状态 46
    PrimaryExp  转到状态 47
    LVal        转到状态 48
    Ident       转到状态 49
    Number      转到状态 50


状态 160

   67 LAndExp: LAndExp T_AND • EqExp

    T_IDENT   偏移，并进入状态 12
    T_NUMBER  偏移，并进入状态 35
    '('       偏移，并进入状态 37
    '+'       偏移，并进入状态 38
    '-'       偏移，并进入状态 39
    '!'       偏移，并进入状态 40

    EqExp       转到状态 174
    RelExp      转到状态 152
    AddExp      转到状态 153
    MulExp      转到状态 44
    UnaryExp    转到状态 45
    UnaryOp     转到状态 46
    PrimaryExp  转到状态 47
    LVal        转到状态 48
    Ident       转到状态 49
    Number      转到状态 50


状态 161

   76 EqOp: T_EQ •

    $default  使用规则 76 以归约 (EqOp)


状态 162

   77 EqOp: T_NE •

    $default  使用规则 77 以归约 (EqOp)


状态 163

   69 EqExp: EqExp EqOp • RelExp

    T_IDENT   偏移，并进入状态 12
    T_NUMBER  偏移，并进入状态 35
    '('       偏移，并进入状态 37
    '+'       偏移，并进入状态 38
    '-'       偏移，并进入状态 39
    '!'       偏移，并进入状态 40

    RelExp      转到状态 175
    AddExp      转到状态 153
    MulExp      转到状态 44
    UnaryExp    转到状态 45
    UnaryOp     转到状态 46
    PrimaryExp  转到状态 47
    LVal        转到状态 48
    Ident       转到状态 49
    Number      转到状态 50


状态 164

   74 RelOp: T_LE •

    $default  使用规则 74 以归约 (RelOp)


状态 165

   75 RelOp: T_GE •

    $default  使用规则 75 以归约 (RelOp)


状态 166

   72 RelOp: '<' •

    $default  使用规则 72 以归约 (RelOp)


状态 167

   73 RelOp: '>' •

    $default  使用规则 73 以归约 (RelOp)


状态 168

   71 RelExp: RelExp RelOp • AddExp

    T_IDENT   偏移，并进入状态 12
    T_NUMBER  偏移，并进入状态 35
    '('       偏移，并进入状态 37
    '+'       偏移，并进入状态 38
    '-'       偏移，并进入状态 39
    '!'       偏移，并进入状态 40

    AddExp      转到状态 176
    MulExp      转到状态 44
    UnaryExp    转到状态 45
    UnaryOp     转到状态 46
    PrimaryExp  转到状态 47
    LVal        转到状态 48
    Ident       转到状态 49
    Number      转到状态 50


状态 169

   56 Stmt: T_WHILE '(' Cond ')' • Stmt

    T_IDENT     偏移，并进入状态 12
    T_NUMBER    偏移，并进入状态 35
    T_IF        偏移，并进入状态 115
    T_WHILE     偏移，并进入状态 116
    T_BREAK     偏移，并进入状态 117
    T_CONTINUE  偏移，并进入状态 118
    T_RETURN    偏移，并进入状态 119
    ';'         偏移，并进入状态 120
    '{'         偏移，并进入状态 61
    '('         偏移，并进入状态 37
    '+'         偏移，并进入状态 38
    '-'         偏移，并进入状态 39
    '!'         偏移，并进入状态 40

    Block       转到状态 125
    Stmt        转到状态 177
    Exp         转到状态 127
    AddExp      转到状态 72
    MulExp      转到状态 44
    UnaryExp    转到状态 45
    UnaryOp     转到状态 46
    PrimaryExp  转到状态 47
    LVal        转到状态 128
    Ident       转到状态 49
    Number      转到状态 50


状态 170

   50 Stmt: LVal '=' Exp ';' •

    $default  使用规则 50 以归约 (Stmt)


状态 171

   42 Indexs: Indexs '[' Exp • ']'

    ']'  偏移，并进入状态 178


状态 172

   54 Stmt: T_IF '(' Cond ')' Stmt •
   55     | T_IF '(' Cond ')' Stmt • T_ELSE Stmt

    T_ELSE  偏移，并进入状态 179

    T_ELSE    [使用规则 54 以归约 (Stmt)]
    $default  使用规则 54 以归约 (Stmt)


状态 173

   65 LOrExp: LOrExp T_OR LAndExp •
   67 LAndExp: LAndExp • T_AND EqExp

    T_AND  偏移，并进入状态 160

    $default  使用规则 65 以归约 (LOrExp)


状态 174

   67 LAndExp: LAndExp T_AND EqExp •
   69 EqExp: EqExp • EqOp RelExp

    T_EQ  偏移，并进入状态 161
    T_NE  偏移，并进入状态 162

    $default  使用规则 67 以归约 (LAndExp)

    EqOp  转到状态 163


状态 175

   69 EqExp: EqExp EqOp RelExp •
   71 RelExp: RelExp • RelOp AddExp

    T_LE  偏移，并进入状态 164
    T_GE  偏移，并进入状态 165
    '<'   偏移，并进入状态 166
    '>'   偏移，并进入状态 167

    $default  使用规则 69 以归约 (EqExp)

    RelOp  转到状态 168


状态 176

   71 RelExp: RelExp RelOp AddExp •
   79 AddExp: AddExp • AddOp MulExp

    '+'  偏移，并进入状态 73
    '-'  偏移，并进入状态 74

    $default  使用规则 71 以归约 (RelExp)

    AddOp  转到状态 75


状态 177

   56 Stmt: T_WHILE '(' Cond ')' Stmt •

    $default  使用规则 56 以归约 (Stmt)


状态 178

   42 Indexs: Indexs '[' Exp ']' •

    $default  使用规则 42 以归约 (Indexs)


状态 179

   55 Stmt: T_IF '(' Cond ')' Stmt T_ELSE • Stmt

    T_IDENT     偏移，并进入状态 12
    T_NUMBER    偏移，并进入状态 35
    T_IF        偏移，并进入状态 115
    T_WHILE     偏移，并进入状态 116
    T_BREAK     偏移，并进入状态 117
    T_CONTINUE  偏移，并进入状态 118
    T_RETURN    偏移，并进入状态 119
    ';'         偏移，并进入状态 120
    '{'         偏移，并进入状态 61
    '('         偏移，并进入状态 37
    '+'         偏移，并进入状态 38
    '-'         偏移，并进入状态 39
    '!'         偏移，并进入状态 40

    Block       转到状态 125
    Stmt        转到状态 180
    Exp         转到状态 127
    AddExp      转到状态 72
    MulExp      转到状态 44
    UnaryExp    转到状态 45
    UnaryOp     转到状态 46
    PrimaryExp  转到状态 47
    LVal        转到状态 128
    Ident       转到状态 49
    Number      转到状态 50


状态 180

   55 Stmt: T_IF '(' Cond ')' Stmt T_ELSE Stmt •

    $default  使用规则 55 以归约 (Stmt)
